[1.316s] DEBUG:colcon:Command line arguments: ['/usr/bin/colcon', 'build', '--packages-select', 'get_depth', '--symlink-install']
[1.316s] DEBUG:colcon:Parsed command line arguments: Namespace(allow_overriding=[], ament_cmake_args=None, base_paths=['.'], build_base='build', catkin_cmake_args=None, catkin_skip_building_tests=False, cmake_args=None, cmake_clean_cache=False, cmake_clean_first=False, cmake_force_configure=False, cmake_target=None, cmake_target_skip_unavailable=False, continue_on_error=False, event_handlers=None, executor='parallel', ignore_user_meta=False, install_base='install', log_base=None, log_level=None, main=<bound method BuildVerb.main of <colcon_core.verb.build.BuildVerb object at 0x7f3473fd6b80>>, merge_install=False, metas=['./colcon.meta'], packages_above=None, packages_above_and_dependencies=None, packages_above_depth=None, packages_end=None, packages_ignore=None, packages_ignore_regex=None, packages_select=['get_depth'], packages_select_build_failed=False, packages_select_by_dep=None, packages_select_regex=None, packages_select_test_failures=False, packages_skip=None, packages_skip_build_finished=False, packages_skip_by_dep=None, packages_skip_regex=None, packages_skip_test_passed=False, packages_skip_up_to=None, packages_start=None, packages_up_to=None, packages_up_to_regex=None, parallel_workers=16, paths=None, symlink_install=True, test_result_base=None, verb_extension=<colcon_core.verb.build.BuildVerb object at 0x7f3473fd6b80>, verb_name='build', verb_parser=<colcon_defaults.argument_parser.defaults.DefaultArgumentsDecorator object at 0x7f3473fd27f0>)
[1.368s] Level 1:colcon.colcon_core.package_discovery:discover_packages(colcon_meta) check parameters
[1.368s] Level 1:colcon.colcon_core.package_discovery:discover_packages(recursive) check parameters
[1.368s] Level 1:colcon.colcon_core.package_discovery:discover_packages(ignore) check parameters
[1.368s] Level 1:colcon.colcon_core.package_discovery:discover_packages(path) check parameters
[1.368s] Level 1:colcon.colcon_core.package_discovery:discover_packages(colcon_meta) discover
[1.368s] Level 1:colcon.colcon_core.package_discovery:discover_packages(recursive) discover
[1.368s] INFO:colcon.colcon_core.package_discovery:Crawling recursively for packages in '/home/hlf/Desktop/radar24_ws/src/get_depth'
[1.368s] Level 1:colcon.colcon_core.package_identification:_identify(.) by extensions ['ignore', 'ignore_ament_install']
[1.368s] Level 1:colcon.colcon_core.package_identification:_identify(.) by extension 'ignore'
[1.368s] Level 1:colcon.colcon_core.package_identification:_identify(.) by extension 'ignore_ament_install'
[1.368s] Level 1:colcon.colcon_core.package_identification:_identify(.) by extensions ['colcon_pkg']
[1.368s] Level 1:colcon.colcon_core.package_identification:_identify(.) by extension 'colcon_pkg'
[1.368s] Level 1:colcon.colcon_core.package_identification:_identify(.) by extensions ['colcon_meta']
[1.368s] Level 1:colcon.colcon_core.package_identification:_identify(.) by extension 'colcon_meta'
[1.368s] Level 1:colcon.colcon_core.package_identification:_identify(.) by extensions ['ros']
[1.368s] Level 1:colcon.colcon_core.package_identification:_identify(.) by extension 'ros'
[1.386s] DEBUG:colcon.colcon_core.package_identification:Package '.' with type 'ros.ament_cmake' and name 'get_depth'
[1.386s] Level 1:colcon.colcon_core.package_discovery:discover_packages(recursive) using defaults
[1.386s] Level 1:colcon.colcon_core.package_discovery:discover_packages(ignore) discover
[1.386s] Level 1:colcon.colcon_core.package_discovery:discover_packages(ignore) using defaults
[1.386s] Level 1:colcon.colcon_core.package_discovery:discover_packages(path) discover
[1.386s] Level 1:colcon.colcon_core.package_discovery:discover_packages(path) using defaults
[1.420s] Level 1:colcon.colcon_core.package_discovery:discover_packages(prefix_path) check parameters
[1.420s] Level 1:colcon.colcon_core.package_discovery:discover_packages(prefix_path) discover
[1.431s] DEBUG:colcon.colcon_installed_package_information.package_discovery:Found 8 installed packages in /home/hlf/Desktop/radar24_ws/install
[1.436s] DEBUG:colcon.colcon_installed_package_information.package_discovery:Found 269 installed packages in /opt/ros/foxy
[1.437s] Level 1:colcon.colcon_core.package_discovery:discover_packages(prefix_path) using defaults
[1.469s] Level 5:colcon.colcon_core.verb:set package 'get_depth' build argument 'cmake_args' from command line to 'None'
[1.469s] Level 5:colcon.colcon_core.verb:set package 'get_depth' build argument 'cmake_target' from command line to 'None'
[1.469s] Level 5:colcon.colcon_core.verb:set package 'get_depth' build argument 'cmake_target_skip_unavailable' from command line to 'False'
[1.469s] Level 5:colcon.colcon_core.verb:set package 'get_depth' build argument 'cmake_clean_cache' from command line to 'False'
[1.469s] Level 5:colcon.colcon_core.verb:set package 'get_depth' build argument 'cmake_clean_first' from command line to 'False'
[1.469s] Level 5:colcon.colcon_core.verb:set package 'get_depth' build argument 'cmake_force_configure' from command line to 'False'
[1.469s] Level 5:colcon.colcon_core.verb:set package 'get_depth' build argument 'ament_cmake_args' from command line to 'None'
[1.469s] Level 5:colcon.colcon_core.verb:set package 'get_depth' build argument 'catkin_cmake_args' from command line to 'None'
[1.469s] Level 5:colcon.colcon_core.verb:set package 'get_depth' build argument 'catkin_skip_building_tests' from command line to 'False'
[1.469s] DEBUG:colcon.colcon_core.verb:Building package 'get_depth' with the following arguments: {'ament_cmake_args': None, 'build_base': '/home/hlf/Desktop/radar24_ws/src/get_depth/build/get_depth', 'catkin_cmake_args': None, 'catkin_skip_building_tests': False, 'cmake_args': None, 'cmake_clean_cache': False, 'cmake_clean_first': False, 'cmake_force_configure': False, 'cmake_target': None, 'cmake_target_skip_unavailable': False, 'install_base': '/home/hlf/Desktop/radar24_ws/src/get_depth/install/get_depth', 'merge_install': False, 'path': '/home/hlf/Desktop/radar24_ws/src/get_depth', 'symlink_install': True, 'test_result_base': None}
[1.474s] INFO:colcon.colcon_core.executor:Executing jobs using 'parallel' executor
[1.479s] DEBUG:colcon.colcon_parallel_executor.executor.parallel:run_until_complete
[1.479s] INFO:colcon.colcon_ros.task.ament_cmake.build:Building ROS package in '/home/hlf/Desktop/radar24_ws/src/get_depth' with build type 'ament_cmake'
[1.479s] INFO:colcon.colcon_cmake.task.cmake.build:Building CMake package in '/home/hlf/Desktop/radar24_ws/src/get_depth'
[1.485s] INFO:colcon.colcon_core.plugin_system:Skipping extension 'colcon_core.shell.bat': Not used on non-Windows systems
[1.486s] INFO:colcon.colcon_core.shell:Skip shell extension 'powershell' for command environment: Not usable outside of PowerShell
[1.486s] DEBUG:colcon.colcon_core.shell:Skip shell extension 'dsv' for command environment
[1.507s] DEBUG:colcon.colcon_core.event_handler.log_command:Invoking command in '/home/hlf/Desktop/radar24_ws/src/get_depth/build/get_depth': CMAKE_PREFIX_PATH=${CMAKE_PREFIX_PATH}:/opt/ros/foxy /home/hlf/.local/bin/cmake /home/hlf/Desktop/radar24_ws/src/get_depth -DAMENT_CMAKE_SYMLINK_INSTALL=1 -DCMAKE_INSTALL_PREFIX=/home/hlf/Desktop/radar24_ws/src/get_depth/install/get_depth
[2.861s] DEBUG:colcon.colcon_core.event_handler.log_command:Invoked command in '/home/hlf/Desktop/radar24_ws/src/get_depth/build/get_depth' returned '0': CMAKE_PREFIX_PATH=${CMAKE_PREFIX_PATH}:/opt/ros/foxy /home/hlf/.local/bin/cmake /home/hlf/Desktop/radar24_ws/src/get_depth -DAMENT_CMAKE_SYMLINK_INSTALL=1 -DCMAKE_INSTALL_PREFIX=/home/hlf/Desktop/radar24_ws/src/get_depth/install/get_depth
[2.864s] DEBUG:colcon.colcon_core.event_handler.log_command:Invoking command in '/home/hlf/Desktop/radar24_ws/src/get_depth/build/get_depth': CMAKE_PREFIX_PATH=${CMAKE_PREFIX_PATH}:/opt/ros/foxy /home/hlf/.local/bin/cmake --build /home/hlf/Desktop/radar24_ws/src/get_depth/build/get_depth -- -j16 -l16
[18.968s] DEBUG:colcon.colcon_core.event_handler.log_command:Invoked command in '/home/hlf/Desktop/radar24_ws/src/get_depth/build/get_depth' returned '0': CMAKE_PREFIX_PATH=${CMAKE_PREFIX_PATH}:/opt/ros/foxy /home/hlf/.local/bin/cmake --build /home/hlf/Desktop/radar24_ws/src/get_depth/build/get_depth -- -j16 -l16
[19.037s] DEBUG:colcon.colcon_core.event_handler.log_command:Invoking command in '/home/hlf/Desktop/radar24_ws/src/get_depth/build/get_depth': CMAKE_PREFIX_PATH=${CMAKE_PREFIX_PATH}:/opt/ros/foxy /home/hlf/.local/bin/cmake --install /home/hlf/Desktop/radar24_ws/src/get_depth/build/get_depth
[19.085s] Level 1:colcon.colcon_core.environment:create_environment_scripts_only(get_depth)
[19.086s] DEBUG:colcon.colcon_core.event_handler.log_command:Invoked command in '/home/hlf/Desktop/radar24_ws/src/get_depth/build/get_depth' returned '0': CMAKE_PREFIX_PATH=${CMAKE_PREFIX_PATH}:/opt/ros/foxy /home/hlf/.local/bin/cmake --install /home/hlf/Desktop/radar24_ws/src/get_depth/build/get_depth
[19.172s] Level 1:colcon.colcon_core.environment:checking '/home/hlf/Desktop/radar24_ws/src/get_depth/install/get_depth' for CMake module files
[19.173s] Level 1:colcon.colcon_core.environment:checking '/home/hlf/Desktop/radar24_ws/src/get_depth/install/get_depth' for CMake config files
[19.173s] Level 1:colcon.colcon_core.shell:create_environment_hook('get_depth', 'cmake_prefix_path')
[19.178s] INFO:colcon.colcon_core.shell:Creating environment hook '/home/hlf/Desktop/radar24_ws/src/get_depth/install/get_depth/share/get_depth/hook/cmake_prefix_path.ps1'
[19.179s] INFO:colcon.colcon_core.shell:Creating environment descriptor '/home/hlf/Desktop/radar24_ws/src/get_depth/install/get_depth/share/get_depth/hook/cmake_prefix_path.dsv'
[19.180s] INFO:colcon.colcon_core.shell:Creating environment hook '/home/hlf/Desktop/radar24_ws/src/get_depth/install/get_depth/share/get_depth/hook/cmake_prefix_path.sh'
[19.181s] Level 1:colcon.colcon_core.environment:checking '/home/hlf/Desktop/radar24_ws/src/get_depth/install/get_depth/lib'
[19.181s] Level 1:colcon.colcon_core.environment:checking '/home/hlf/Desktop/radar24_ws/src/get_depth/install/get_depth/bin'
[19.181s] Level 1:colcon.colcon_core.environment:checking '/home/hlf/Desktop/radar24_ws/src/get_depth/install/get_depth/lib/pkgconfig/get_depth.pc'
[19.181s] Level 1:colcon.colcon_core.environment:checking '/home/hlf/Desktop/radar24_ws/src/get_depth/install/get_depth/lib/python3.8/site-packages'
[19.181s] Level 1:colcon.colcon_core.environment:checking '/home/hlf/Desktop/radar24_ws/src/get_depth/install/get_depth/bin'
[19.187s] INFO:colcon.colcon_core.shell:Creating package script '/home/hlf/Desktop/radar24_ws/src/get_depth/install/get_depth/share/get_depth/package.ps1'
[19.187s] INFO:colcon.colcon_core.shell:Creating package descriptor '/home/hlf/Desktop/radar24_ws/src/get_depth/install/get_depth/share/get_depth/package.dsv'
[19.188s] INFO:colcon.colcon_core.shell:Creating package script '/home/hlf/Desktop/radar24_ws/src/get_depth/install/get_depth/share/get_depth/package.sh'
[19.188s] INFO:colcon.colcon_core.shell:Creating package script '/home/hlf/Desktop/radar24_ws/src/get_depth/install/get_depth/share/get_depth/package.bash'
[19.189s] INFO:colcon.colcon_core.shell:Creating package script '/home/hlf/Desktop/radar24_ws/src/get_depth/install/get_depth/share/get_depth/package.zsh'
[19.190s] Level 1:colcon.colcon_core.environment:create_file_with_runtime_dependencies(/home/hlf/Desktop/radar24_ws/src/get_depth/install/get_depth/share/colcon-core/packages/get_depth)
[19.227s] Level 1:colcon.colcon_core.environment:create_environment_scripts_only(get_depth)
[19.233s] Level 1:colcon.colcon_core.environment:checking '/home/hlf/Desktop/radar24_ws/src/get_depth/install/get_depth' for CMake module files
[19.233s] Level 1:colcon.colcon_core.environment:checking '/home/hlf/Desktop/radar24_ws/src/get_depth/install/get_depth' for CMake config files
[19.233s] Level 1:colcon.colcon_core.shell:create_environment_hook('get_depth', 'cmake_prefix_path')
[19.239s] INFO:colcon.colcon_core.shell:Creating environment hook '/home/hlf/Desktop/radar24_ws/src/get_depth/install/get_depth/share/get_depth/hook/cmake_prefix_path.ps1'
[19.239s] INFO:colcon.colcon_core.shell:Creating environment descriptor '/home/hlf/Desktop/radar24_ws/src/get_depth/install/get_depth/share/get_depth/hook/cmake_prefix_path.dsv'
[19.239s] INFO:colcon.colcon_core.shell:Creating environment hook '/home/hlf/Desktop/radar24_ws/src/get_depth/install/get_depth/share/get_depth/hook/cmake_prefix_path.sh'
[19.240s] Level 1:colcon.colcon_core.environment:checking '/home/hlf/Desktop/radar24_ws/src/get_depth/install/get_depth/lib'
[19.240s] Level 1:colcon.colcon_core.environment:checking '/home/hlf/Desktop/radar24_ws/src/get_depth/install/get_depth/bin'
[19.240s] Level 1:colcon.colcon_core.environment:checking '/home/hlf/Desktop/radar24_ws/src/get_depth/install/get_depth/lib/pkgconfig/get_depth.pc'
[19.240s] Level 1:colcon.colcon_core.environment:checking '/home/hlf/Desktop/radar24_ws/src/get_depth/install/get_depth/lib/python3.8/site-packages'
[19.240s] Level 1:colcon.colcon_core.environment:checking '/home/hlf/Desktop/radar24_ws/src/get_depth/install/get_depth/bin'
[19.246s] INFO:colcon.colcon_core.shell:Creating package script '/home/hlf/Desktop/radar24_ws/src/get_depth/install/get_depth/share/get_depth/package.ps1'
[19.246s] INFO:colcon.colcon_core.shell:Creating package descriptor '/home/hlf/Desktop/radar24_ws/src/get_depth/install/get_depth/share/get_depth/package.dsv'
[19.247s] INFO:colcon.colcon_core.shell:Creating package script '/home/hlf/Desktop/radar24_ws/src/get_depth/install/get_depth/share/get_depth/package.sh'
[19.247s] INFO:colcon.colcon_core.shell:Creating package script '/home/hlf/Desktop/radar24_ws/src/get_depth/install/get_depth/share/get_depth/package.bash'
[19.247s] INFO:colcon.colcon_core.shell:Creating package script '/home/hlf/Desktop/radar24_ws/src/get_depth/install/get_depth/share/get_depth/package.zsh'
[19.247s] Level 1:colcon.colcon_core.environment:create_file_with_runtime_dependencies(/home/hlf/Desktop/radar24_ws/src/get_depth/install/get_depth/share/colcon-core/packages/get_depth)
[19.247s] DEBUG:colcon.colcon_parallel_executor.executor.parallel:closing loop
[19.248s] DEBUG:colcon.colcon_parallel_executor.executor.parallel:loop closed
[19.248s] DEBUG:colcon.colcon_parallel_executor.executor.parallel:run_until_complete finished with '0'
[19.248s] DEBUG:colcon.colcon_core.event_reactor:joining thread
[19.264s] INFO:colcon.colcon_core.plugin_system:Skipping extension 'colcon_notification.desktop_notification.terminal_notifier': Not used on non-Darwin systems
[19.264s] INFO:colcon.colcon_core.plugin_system:Skipping extension 'colcon_notification.desktop_notification.win32': Not used on non-Windows systems
[19.264s] INFO:colcon.colcon_notification.desktop_notification:Sending desktop notification using 'notify2'
[19.283s] DEBUG:colcon.colcon_core.event_reactor:joined thread
[19.297s] INFO:colcon.colcon_core.shell:Creating prefix script '/home/hlf/Desktop/radar24_ws/src/get_depth/install/local_setup.ps1'
[19.298s] INFO:colcon.colcon_core.shell:Creating prefix util module '/home/hlf/Desktop/radar24_ws/src/get_depth/install/_local_setup_util_ps1.py'
[19.300s] INFO:colcon.colcon_core.shell:Creating prefix chain script '/home/hlf/Desktop/radar24_ws/src/get_depth/install/setup.ps1'
[19.313s] INFO:colcon.colcon_core.shell:Creating prefix script '/home/hlf/Desktop/radar24_ws/src/get_depth/install/local_setup.sh'
[19.313s] INFO:colcon.colcon_core.shell:Creating prefix util module '/home/hlf/Desktop/radar24_ws/src/get_depth/install/_local_setup_util_sh.py'
[19.313s] INFO:colcon.colcon_core.shell:Creating prefix chain script '/home/hlf/Desktop/radar24_ws/src/get_depth/install/setup.sh'
[19.320s] INFO:colcon.colcon_core.shell:Creating prefix script '/home/hlf/Desktop/radar24_ws/src/get_depth/install/local_setup.bash'
[19.320s] INFO:colcon.colcon_core.shell:Creating prefix chain script '/home/hlf/Desktop/radar24_ws/src/get_depth/install/setup.bash'
[19.327s] INFO:colcon.colcon_core.shell:Creating prefix script '/home/hlf/Desktop/radar24_ws/src/get_depth/install/local_setup.zsh'
[19.327s] INFO:colcon.colcon_core.shell:Creating prefix chain script '/home/hlf/Desktop/radar24_ws/src/get_depth/install/setup.zsh'
