[0.027s] Invoking command in '/home/hlf/Desktop/radar24_ws/src/get_depth/build/get_depth': CMAKE_PREFIX_PATH=${CMAKE_PREFIX_PATH}:/opt/ros/foxy /home/hlf/.local/bin/cmake /home/hlf/Desktop/radar24_ws/src/get_depth -DAMENT_CMAKE_SYMLINK_INSTALL=1 -DCMAKE_INSTALL_PREFIX=/home/hlf/Desktop/radar24_ws/src/get_depth/install/get_depth
[0.091s] -- The C compiler identification is GNU 9.4.0
[0.125s] -- The CXX compiler identification is GNU 9.4.0
[0.137s] -- Detecting C compiler ABI info
[0.176s] -- Detecting C compiler ABI info - done
[0.182s] -- Check for working C compiler: /usr/bin/cc - skipped
[0.183s] -- Detecting C compile features
[0.183s] -- Detecting C compile features - done
[0.189s] -- Detecting CXX compiler ABI info
[0.233s] -- Detecting CXX compiler ABI info - done
[0.240s] -- Check for working CXX compiler: /usr/bin/c++ - skipped
[0.240s] -- Detecting CXX compile features
[0.240s] -- Detecting CXX compile features - done
[0.243s] -- Found ament_cmake: 0.9.12 (/opt/ros/foxy/share/ament_cmake/cmake)
[0.245s] [33mCMake Warning (dev) at /opt/ros/foxy/share/ament_cmake_core/cmake/core/python.cmake:22 (find_package):
[0.245s]   Policy CMP0148 is not set: The FindPythonInterp and FindPythonLibs modules
[0.245s]   are removed.  Run "cmake --help-policy CMP0148" for policy details.  Use
[0.245s]   the cmake_policy command to set the policy and suppress this warning.
[0.245s] 
[0.245s] Call Stack (most recent call first):
[0.245s]   /opt/ros/foxy/share/ament_cmake_core/cmake/core/all.cmake:53 (include)
[0.245s]   /opt/ros/foxy/share/ament_cmake_core/cmake/ament_cmake_core-extras.cmake:17 (include)
[0.245s]   /opt/ros/foxy/share/ament_cmake_core/cmake/ament_cmake_coreConfig.cmake:41 (include)
[0.245s]   /opt/ros/foxy/share/ament_cmake/cmake/ament_cmake_export_dependencies-extras.cmake:15 (find_package)
[0.245s]   /opt/ros/foxy/share/ament_cmake/cmake/ament_cmakeConfig.cmake:41 (include)
[0.245s]   CMakeLists.txt:19 (find_package)
[0.245s] This warning is for project developers.  Use -Wno-dev to suppress it.
[0.245s] [0m
[0.258s] -- Found PythonInterp: /usr/bin/python3 (found suitable version "3.8.10", minimum required is "3") 
[0.258s] -- Using PYTHON_EXECUTABLE: /usr/bin/python3
[0.348s] -- Override CMake install command with custom implementation using symlinks instead of copying resources
[0.372s] -- Found rclcpp: 2.4.3 (/opt/ros/foxy/share/rclcpp/cmake)
[0.401s] -- Using all available rosidl_typesupport_c: rosidl_typesupport_fastrtps_c;rosidl_typesupport_introspection_c
[0.406s] -- Found rosidl_adapter: 1.3.1 (/opt/ros/foxy/share/rosidl_adapter/cmake)
[0.458s] -- Found OpenSSL: /usr/lib/x86_64-linux-gnu/libcrypto.so (found version "1.1.1f")  
[0.477s] -- Found FastRTPS: /opt/ros/foxy/include  
[0.524s] -- Using all available rosidl_typesupport_cpp: rosidl_typesupport_fastrtps_cpp;rosidl_typesupport_introspection_cpp
[0.557s] -- Found rmw_implementation_cmake: 1.0.4 (/opt/ros/foxy/share/rmw_implementation_cmake/cmake)
[0.558s] -- Using RMW implementation 'rmw_fastrtps_cpp' as default
[0.558s] -- Performing Test CMAKE_HAVE_LIBC_PTHREAD
[0.595s] -- Performing Test CMAKE_HAVE_LIBC_PTHREAD - Failed
[0.595s] -- Looking for pthread_create in pthreads
[0.623s] -- Looking for pthread_create in pthreads - not found
[0.623s] -- Looking for pthread_create in pthread
[0.658s] -- Looking for pthread_create in pthread - found
[0.659s] -- Found Threads: TRUE  
[0.745s] -- Found sensor_msgs: 2.0.5 (/opt/ros/foxy/share/sensor_msgs/cmake)
[0.816s] -- Found image_transport: 2.4.0 (/opt/ros/foxy/share/image_transport/cmake)
[0.846s] -- Found cv_bridge: 3.0.7 (/opt/ros/foxy/share/cv_bridge/cmake)
[0.862s] -- Found radar_interfaces: 0.0.0 (/home/hlf/Desktop/radar24_ws/install/radar_interfaces/share/radar_interfaces/cmake)
[0.882s] -- Found tf2: 0.13.14 (/opt/ros/foxy/share/tf2/cmake)
[0.893s] [33mCMake Warning (dev) at /usr/lib/x86_64-linux-gnu/cmake/pcl/PCLConfig.cmake:152 (find_package):
[0.893s]   Policy CMP0144 is not set: find_package uses upper-case <PACKAGENAME>_ROOT
[0.893s]   variables.  Run "cmake --help-policy CMP0144" for policy details.  Use the
[0.893s]   cmake_policy command to set the policy and suppress this warning.
[0.893s] 
[0.893s]   CMake variable EIGEN_ROOT is set to:
[0.893s] 
[0.893s]     /usr/include/eigen3
[0.893s] 
[0.893s]   For compatibility, find_package is ignoring the variable, but code in a
[0.893s]   .cmake module might still use it.
[0.893s] Call Stack (most recent call first):
[0.893s]   /usr/lib/x86_64-linux-gnu/cmake/pcl/PCLConfig.cmake:316 (find_eigen)
[0.893s]   /usr/lib/x86_64-linux-gnu/cmake/pcl/PCLConfig.cmake:551 (find_external_library)
[0.893s]   CMakeLists.txt:28 (find_package)
[0.893s] This warning is for project developers.  Use -Wno-dev to suppress it.
[0.893s] [0m
[0.895s] -- Checking for module 'eigen3'
[0.904s] --   Found eigen3, version 3.3.7
[0.922s] -- Found Eigen: /usr/include/eigen3 (Required is at least version "3.1") 
[0.923s] -- Eigen found (include: /usr/include/eigen3, version: 3.3.7)
[0.963s] -- Found Boost: /usr/include (found suitable version "1.71.0", minimum required is "1.55.0") found components: system filesystem date_time iostreams regex 
[0.964s] [33mCMake Warning (dev) at /usr/lib/x86_64-linux-gnu/cmake/pcl/Modules/FindFLANN.cmake:44 (find_package):
[0.964s]   Policy CMP0144 is not set: find_package uses upper-case <PACKAGENAME>_ROOT
[0.964s]   variables.  Run "cmake --help-policy CMP0144" for policy details.  Use the
[0.965s]   cmake_policy command to set the policy and suppress this warning.
[0.965s] 
[0.965s]   CMake variable FLANN_ROOT is set to:
[0.965s] 
[0.965s]     /usr
[0.965s] 
[0.965s]   For compatibility, find_package is ignoring the variable, but code in a
[0.965s]   .cmake module might still use it.
[0.965s] Call Stack (most recent call first):
[0.965s]   /usr/lib/x86_64-linux-gnu/cmake/pcl/PCLConfig.cmake:263 (find_package)
[0.965s]   /usr/lib/x86_64-linux-gnu/cmake/pcl/PCLConfig.cmake:318 (find_flann)
[0.965s]   /usr/lib/x86_64-linux-gnu/cmake/pcl/PCLConfig.cmake:551 (find_external_library)
[0.965s]   CMakeLists.txt:28 (find_package)
[0.965s] This warning is for project developers.  Use -Wno-dev to suppress it.
[0.965s] [0m
[0.974s] -- Checking for module 'flann'
[0.983s] --   Found flann, version 1.9.1
[1.007s] -- Found FLANN: /usr/lib/x86_64-linux-gnu/libflann_cpp.so  
[1.031s] -- The imported target "vtkParseOGLExt" references the file
[1.031s]    "/usr/bin/vtkParseOGLExt-7.1"
[1.031s] but this file does not exist.  Possible reasons include:
[1.031s] * The file was deleted, renamed, or moved to another location.
[1.031s] * An install or uninstall procedure did not complete successfully.
[1.031s] * The installation package was faulty and contained
[1.031s]    "/usr/lib/cmake/vtk-7.1/VTKTargets.cmake"
[1.031s] but not all the files it references.
[1.031s] 
[1.031s] -- The imported target "vtkRenderingPythonTkWidgets" references the file
[1.032s]    "/usr/lib/x86_64-linux-gnu/libvtkRenderingPythonTkWidgets.so"
[1.032s] but this file does not exist.  Possible reasons include:
[1.032s] * The file was deleted, renamed, or moved to another location.
[1.032s] * An install or uninstall procedure did not complete successfully.
[1.032s] * The installation package was faulty and contained
[1.032s]    "/usr/lib/cmake/vtk-7.1/VTKTargets.cmake"
[1.032s] but not all the files it references.
[1.032s] 
[1.032s] -- The imported target "vtk" references the file
[1.032s]    "/usr/bin/vtk"
[1.032s] but this file does not exist.  Possible reasons include:
[1.032s] * The file was deleted, renamed, or moved to another location.
[1.032s] * An install or uninstall procedure did not complete successfully.
[1.032s] * The installation package was faulty and contained
[1.032s]    "/usr/lib/cmake/vtk-7.1/VTKTargets.cmake"
[1.032s] but not all the files it references.
[1.032s] 
[1.032s] -- The imported target "pvtk" references the file
[1.032s]    "/usr/bin/pvtk"
[1.032s] but this file does not exist.  Possible reasons include:
[1.032s] * The file was deleted, renamed, or moved to another location.
[1.032s] * An install or uninstall procedure did not complete successfully.
[1.032s] * The installation package was faulty and contained
[1.032s]    "/usr/lib/cmake/vtk-7.1/VTKTargets.cmake"
[1.032s] but not all the files it references.
[1.032s] 
[1.042s] -- Checking for module 'libusb-1.0'
[1.051s] --   Found libusb-1.0, version 1.0.23
[1.074s] [33mCMake Warning (dev) at /home/hlf/.local/lib/python3.8/site-packages/cmake/data/share/cmake-3.27/Modules/FindPackageHandleStandardArgs.cmake:438 (message):
[1.074s]   The package name passed to `find_package_handle_standard_args` (USB_10)
[1.074s]   does not match the name of the calling package (OpenNI).  This can lead to
[1.074s]   problems in calling code that expects `find_package` result variables
[1.074s]   (e.g., `_FOUND`) to follow a certain pattern.
[1.074s] Call Stack (most recent call first):
[1.074s]   /usr/lib/x86_64-linux-gnu/cmake/pcl/Modules/FindOpenNI.cmake:28 (find_package_handle_standard_args)
[1.074s]   /usr/lib/x86_64-linux-gnu/cmake/pcl/PCLConfig.cmake:179 (find_package)
[1.074s]   /usr/lib/x86_64-linux-gnu/cmake/pcl/PCLConfig.cmake:322 (find_openni)
[1.074s]   /usr/lib/x86_64-linux-gnu/cmake/pcl/PCLConfig.cmake:548 (find_external_library)
[1.074s]   CMakeLists.txt:28 (find_package)
[1.074s] This warning is for project developers.  Use -Wno-dev to suppress it.
[1.074s] [0m
[1.074s] -- Found USB_10: /usr/lib/x86_64-linux-gnu/libusb-1.0.so  
[1.105s] -- Found OpenNI: /usr/lib/libOpenNI.so  
[1.105s] -- OpenNI found (include: /usr/include/ni, lib: /usr/lib/libOpenNI.so)
[1.109s] [33mCMake Warning (dev) at /home/hlf/.local/lib/python3.8/site-packages/cmake/data/share/cmake-3.27/Modules/FindPackageHandleStandardArgs.cmake:438 (message):
[1.109s]   The package name passed to `find_package_handle_standard_args` (USB_10)
[1.109s]   does not match the name of the calling package (OpenNI2).  This can lead to
[1.109s]   problems in calling code that expects `find_package` result variables
[1.109s]   (e.g., `_FOUND`) to follow a certain pattern.
[1.109s] Call Stack (most recent call first):
[1.109s]   /usr/lib/x86_64-linux-gnu/cmake/pcl/Modules/FindOpenNI2.cmake:28 (find_package_handle_standard_args)
[1.109s]   /usr/lib/x86_64-linux-gnu/cmake/pcl/PCLConfig.cmake:193 (find_package)
[1.109s]   /usr/lib/x86_64-linux-gnu/cmake/pcl/PCLConfig.cmake:324 (find_openni2)
[1.109s]   /usr/lib/x86_64-linux-gnu/cmake/pcl/PCLConfig.cmake:548 (find_external_library)
[1.109s]   CMakeLists.txt:28 (find_package)
[1.109s] This warning is for project developers.  Use -Wno-dev to suppress it.
[1.109s] [0m
[1.141s] -- Found OpenNI2: /usr/lib/libOpenNI2.so  
[1.141s] -- OpenNI2 found (include: /usr/include/openni2, lib: /usr/lib/libOpenNI2.so)
[1.141s] [0m** WARNING ** io features related to pcap will be disabled[0m
[1.141s] [0m** WARNING ** io features related to png will be disabled[0m
[1.149s] [33mCMake Warning (dev) at /home/hlf/.local/lib/python3.8/site-packages/cmake/data/share/cmake-3.27/Modules/FindPackageHandleStandardArgs.cmake:438 (message):
[1.150s]   The package name passed to `find_package_handle_standard_args` (libusb-1.0)
[1.150s]   does not match the name of the calling package (PCL).  This can lead to
[1.150s]   problems in calling code that expects `find_package` result variables
[1.150s]   (e.g., `_FOUND`) to follow a certain pattern.
[1.150s] Call Stack (most recent call first):
[1.150s]   /usr/lib/x86_64-linux-gnu/cmake/pcl/PCLConfig.cmake:291 (find_package_handle_standard_args)
[1.150s]   /usr/lib/x86_64-linux-gnu/cmake/pcl/PCLConfig.cmake:338 (find_libusb)
[1.150s]   /usr/lib/x86_64-linux-gnu/cmake/pcl/PCLConfig.cmake:548 (find_external_library)
[1.150s]   CMakeLists.txt:28 (find_package)
[1.150s] This warning is for project developers.  Use -Wno-dev to suppress it.
[1.150s] [0m
[1.150s] -- Found libusb-1.0: /usr/include  
[1.150s] [0m** WARNING ** io features related to libusb-1.0 will be disabled[0m
[1.154s] [33mCMake Warning (dev) at /home/hlf/.local/lib/python3.8/site-packages/cmake/data/share/cmake-3.27/Modules/FindPackageHandleStandardArgs.cmake:438 (message):
[1.154s]   The package name passed to `find_package_handle_standard_args` (USB_10)
[1.154s]   does not match the name of the calling package (OpenNI).  This can lead to
[1.154s]   problems in calling code that expects `find_package` result variables
[1.154s]   (e.g., `_FOUND`) to follow a certain pattern.
[1.154s] Call Stack (most recent call first):
[1.154s]   /usr/lib/x86_64-linux-gnu/cmake/pcl/Modules/FindOpenNI.cmake:28 (find_package_handle_standard_args)
[1.154s]   /usr/lib/x86_64-linux-gnu/cmake/pcl/PCLConfig.cmake:179 (find_package)
[1.154s]   /usr/lib/x86_64-linux-gnu/cmake/pcl/PCLConfig.cmake:322 (find_openni)
[1.154s]   /usr/lib/x86_64-linux-gnu/cmake/pcl/PCLConfig.cmake:548 (find_external_library)
[1.154s]   CMakeLists.txt:28 (find_package)
[1.154s] This warning is for project developers.  Use -Wno-dev to suppress it.
[1.154s] [0m
[1.155s] -- OpenNI found (include: /usr/include/ni, lib: /usr/lib/libOpenNI.so)
[1.159s] [33mCMake Warning (dev) at /home/hlf/.local/lib/python3.8/site-packages/cmake/data/share/cmake-3.27/Modules/FindPackageHandleStandardArgs.cmake:438 (message):
[1.159s]   The package name passed to `find_package_handle_standard_args` (USB_10)
[1.159s]   does not match the name of the calling package (OpenNI2).  This can lead to
[1.159s]   problems in calling code that expects `find_package` result variables
[1.159s]   (e.g., `_FOUND`) to follow a certain pattern.
[1.159s] Call Stack (most recent call first):
[1.159s]   /usr/lib/x86_64-linux-gnu/cmake/pcl/Modules/FindOpenNI2.cmake:28 (find_package_handle_standard_args)
[1.159s]   /usr/lib/x86_64-linux-gnu/cmake/pcl/PCLConfig.cmake:193 (find_package)
[1.159s]   /usr/lib/x86_64-linux-gnu/cmake/pcl/PCLConfig.cmake:324 (find_openni2)
[1.159s]   /usr/lib/x86_64-linux-gnu/cmake/pcl/PCLConfig.cmake:548 (find_external_library)
[1.159s]   CMakeLists.txt:28 (find_package)
[1.159s] This warning is for project developers.  Use -Wno-dev to suppress it.
[1.159s] [0m
[1.160s] -- OpenNI2 found (include: /usr/include/openni2, lib: /usr/lib/libOpenNI2.so)
[1.169s] [33mCMake Warning (dev) at /usr/lib/x86_64-linux-gnu/cmake/pcl/PCLConfig.cmake:165 (find_package):
[1.169s]   Policy CMP0144 is not set: find_package uses upper-case <PACKAGENAME>_ROOT
[1.169s]   variables.  Run "cmake --help-policy CMP0144" for policy details.  Use the
[1.169s]   cmake_policy command to set the policy and suppress this warning.
[1.169s] 
[1.169s]   CMake variable QHULL_ROOT is set to:
[1.169s] 
[1.169s]     /usr
[1.169s] 
[1.169s]   For compatibility, find_package is ignoring the variable, but code in a
[1.169s]   .cmake module might still use it.
[1.169s] Call Stack (most recent call first):
[1.169s]   /usr/lib/x86_64-linux-gnu/cmake/pcl/PCLConfig.cmake:320 (find_qhull)
[1.169s]   /usr/lib/x86_64-linux-gnu/cmake/pcl/PCLConfig.cmake:548 (find_external_library)
[1.169s]   CMakeLists.txt:28 (find_package)
[1.169s] This warning is for project developers.  Use -Wno-dev to suppress it.
[1.170s] [0m
[1.195s] -- Found Qhull: optimized;/usr/lib/x86_64-linux-gnu/libqhull.so;debug;/usr/lib/x86_64-linux-gnu/libqhull.so  
[1.195s] -- QHULL found (include: /usr/include, lib: optimized;/usr/lib/x86_64-linux-gnu/libqhull.so;debug;/usr/lib/x86_64-linux-gnu/libqhull.so)
[1.199s] [33mCMake Warning (dev) at /home/hlf/.local/lib/python3.8/site-packages/cmake/data/share/cmake-3.27/Modules/FindPackageHandleStandardArgs.cmake:438 (message):
[1.199s]   The package name passed to `find_package_handle_standard_args` (USB_10)
[1.199s]   does not match the name of the calling package (OpenNI).  This can lead to
[1.199s]   problems in calling code that expects `find_package` result variables
[1.199s]   (e.g., `_FOUND`) to follow a certain pattern.
[1.199s] Call Stack (most recent call first):
[1.199s]   /usr/lib/x86_64-linux-gnu/cmake/pcl/Modules/FindOpenNI.cmake:28 (find_package_handle_standard_args)
[1.199s]   /usr/lib/x86_64-linux-gnu/cmake/pcl/PCLConfig.cmake:179 (find_package)
[1.199s]   /usr/lib/x86_64-linux-gnu/cmake/pcl/PCLConfig.cmake:322 (find_openni)
[1.199s]   /usr/lib/x86_64-linux-gnu/cmake/pcl/PCLConfig.cmake:548 (find_external_library)
[1.199s]   CMakeLists.txt:28 (find_package)
[1.199s] This warning is for project developers.  Use -Wno-dev to suppress it.
[1.200s] [0m
[1.200s] -- OpenNI found (include: /usr/include/ni, lib: /usr/lib/libOpenNI.so)
[1.208s] -- looking for PCL_COMMON
[1.209s] [33mCMake Warning (dev) at /home/hlf/.local/lib/python3.8/site-packages/cmake/data/share/cmake-3.27/Modules/FindPackageHandleStandardArgs.cmake:438 (message):
[1.209s]   The package name passed to `find_package_handle_standard_args` (PCL_COMMON)
[1.209s]   does not match the name of the calling package (PCL).  This can lead to
[1.209s]   problems in calling code that expects `find_package` result variables
[1.210s]   (e.g., `_FOUND`) to follow a certain pattern.
[1.210s] Call Stack (most recent call first):
[1.210s]   /usr/lib/x86_64-linux-gnu/cmake/pcl/PCLConfig.cmake:616 (find_package_handle_standard_args)
[1.210s]   CMakeLists.txt:28 (find_package)
[1.210s] This warning is for project developers.  Use -Wno-dev to suppress it.
[1.210s] [0m
[1.210s] -- Found PCL_COMMON: /usr/lib/x86_64-linux-gnu/libpcl_common.so  
[1.210s] -- looking for PCL_KDTREE
[1.210s] [33mCMake Warning (dev) at /home/hlf/.local/lib/python3.8/site-packages/cmake/data/share/cmake-3.27/Modules/FindPackageHandleStandardArgs.cmake:438 (message):
[1.210s]   The package name passed to `find_package_handle_standard_args` (PCL_KDTREE)
[1.211s]   does not match the name of the calling package (PCL).  This can lead to
[1.211s]   problems in calling code that expects `find_package` result variables
[1.211s]   (e.g., `_FOUND`) to follow a certain pattern.
[1.211s] Call Stack (most recent call first):
[1.211s]   /usr/lib/x86_64-linux-gnu/cmake/pcl/PCLConfig.cmake:616 (find_package_handle_standard_args)
[1.211s]   CMakeLists.txt:28 (find_package)
[1.211s] This warning is for project developers.  Use -Wno-dev to suppress it.
[1.211s] [0m
[1.211s] -- Found PCL_KDTREE: /usr/lib/x86_64-linux-gnu/libpcl_kdtree.so  
[1.211s] -- looking for PCL_OCTREE
[1.211s] -- Found PCL_OCTREE: /usr/lib/x86_64-linux-gnu/libpcl_octree.so  
[1.212s] -- looking for PCL_SEARCH
[1.212s] [33mCMake Warning (dev) at /home/hlf/.local/lib/python3.8/site-packages/cmake/data/share/cmake-3.27/Modules/FindPackageHandleStandardArgs.cmake:438 (message):
[1.212s]   The package name passed to `find_package_handle_standard_args` (PCL_OCTREE)
[1.212s]   does not match the name of the calling package (PCL).  This can lead to
[1.212s]   problems in calling code that expects `find_package` result variables
[1.212s]   (e.g., `_FOUND`) to follow a certain pattern.
[1.212s] Call Stack (most recent call first):
[1.212s]   /usr/lib/x86_64-linux-gnu/cmake/pcl/PCLConfig.cmake:616 (find_package_handle_standard_args)
[1.212s]   CMakeLists.txt:28 (find_package)
[1.212s] This warning is for project developers.  Use -Wno-dev to suppress it.
[1.212s] [0m
[1.212s] [33mCMake Warning (dev) at /home/hlf/.local/lib/python3.8/site-packages/cmake/data/share/cmake-3.27/Modules/FindPackageHandleStandardArgs.cmake:438 (message):
[1.213s]   The package name passed to `find_package_handle_standard_args` (PCL_SEARCH)
[1.213s]   does not match the name of the calling package (PCL).  This can lead to
[1.213s]   problems in calling code that expects `find_package` result variables
[1.213s]   (e.g., `_FOUND`) to follow a certain pattern.
[1.213s] Call Stack (most recent call first):
[1.213s]   /usr/lib/x86_64-linux-gnu/cmake/pcl/PCLConfig.cmake:616 (find_package_handle_standard_args)
[1.213s]   CMakeLists.txt:28 (find_package)
[1.213s] This warning is for project developers.  Use -Wno-dev to suppress it.
[1.213s] [0m
[1.213s] -- Found PCL_SEARCH: /usr/lib/x86_64-linux-gnu/libpcl_search.so  
[1.213s] -- looking for PCL_SAMPLE_CONSENSUS
[1.213s] [33mCMake Warning (dev) at /home/hlf/.local/lib/python3.8/site-packages/cmake/data/share/cmake-3.27/Modules/FindPackageHandleStandardArgs.cmake:438 (message):
[1.213s]   The package name passed to `find_package_handle_standard_args`
[1.214s]   (PCL_SAMPLE_CONSENSUS) does not match the name of the calling package
[1.214s]   (PCL).  This can lead to problems in calling code that expects
[1.214s]   `find_package` result variables (e.g., `_FOUND`) to follow a certain
[1.214s]   pattern.
[1.214s] Call Stack (most recent call first):
[1.214s]   /usr/lib/x86_64-linux-gnu/cmake/pcl/PCLConfig.cmake:616 (find_package_handle_standard_args)
[1.214s]   CMakeLists.txt:28 (find_package)
[1.214s] This warning is for project developers.  Use -Wno-dev to suppress it.
[1.214s] [0m
[1.214s] -- Found PCL_SAMPLE_CONSENSUS: /usr/lib/x86_64-linux-gnu/libpcl_sample_consensus.so  
[1.214s] -- looking for PCL_FILTERS
[1.215s] [33mCMake Warning (dev) at /home/hlf/.local/lib/python3.8/site-packages/cmake/data/share/cmake-3.27/Modules/FindPackageHandleStandardArgs.cmake:438 (message):
[1.215s]   The package name passed to `find_package_handle_standard_args`
[1.215s]   (PCL_FILTERS) does not match the name of the calling package (PCL).  This
[1.215s]   can lead to problems in calling code that expects `find_package` result
[1.215s]   variables (e.g., `_FOUND`) to follow a certain pattern.
[1.215s] Call Stack (most recent call first):
[1.215s]   /usr/lib/x86_64-linux-gnu/cmake/pcl/PCLConfig.cmake:616 (find_package_handle_standard_args)
[1.215s]   CMakeLists.txt:28 (find_package)
[1.215s] This warning is for project developers.  Use -Wno-dev to suppress it.
[1.215s] [0m
[1.215s] -- Found PCL_FILTERS: /usr/lib/x86_64-linux-gnu/libpcl_filters.so  
[1.215s] -- looking for PCL_2D
[1.215s] [33mCMake Warning (dev) at /home/hlf/.local/lib/python3.8/site-packages/cmake/data/share/cmake-3.27/Modules/FindPackageHandleStandardArgs.cmake:438 (message):
[1.216s]   The package name passed to `find_package_handle_standard_args` (PCL_2D)
[1.216s]   does not match the name of the calling package (PCL).  This can lead to
[1.216s]   problems in calling code that expects `find_package` result variables
[1.216s]   (e.g., `_FOUND`) to follow a certain pattern.
[1.216s] Call Stack (most recent call first):
[1.216s]   /usr/lib/x86_64-linux-gnu/cmake/pcl/PCLConfig.cmake:619 (find_package_handle_standard_args)
[1.216s]   CMakeLists.txt:28 (find_package)
[1.216s] This warning is for project developers.  Use -Wno-dev to suppress it.
[1.216s] [0m
[1.216s] -- Found PCL_2D: /usr/include/pcl-1.10  
[1.216s] -- looking for PCL_GEOMETRY
[1.216s] [33mCMake Warning (dev) at /home/hlf/.local/lib/python3.8/site-packages/cmake/data/share/cmake-3.27/Modules/FindPackageHandleStandardArgs.cmake:438 (message):
[1.216s]   The package name passed to `find_package_handle_standard_args`
[1.216s]   (PCL_GEOMETRY) does not match the name of the calling package (PCL).  This
[1.217s]   can lead to problems in calling code that expects `find_package` result
[1.217s]   variables (e.g., `_FOUND`) to follow a certain pattern.
[1.217s] Call Stack (most recent call first):
[1.217s]   /usr/lib/x86_64-linux-gnu/cmake/pcl/PCLConfig.cmake:619 (find_package_handle_standard_args)
[1.217s]   CMakeLists.txt:28 (find_package)
[1.217s] This warning is for project developers.  Use -Wno-dev to suppress it.
[1.217s] [0m
[1.217s] -- Found PCL_GEOMETRY: /usr/include/pcl-1.10  
[1.217s] -- looking for PCL_IO
[1.217s] [33mCMake Warning (dev) at /home/hlf/.local/lib/python3.8/site-packages/cmake/data/share/cmake-3.27/Modules/FindPackageHandleStandardArgs.cmake:438 (message):
[1.217s]   The package name passed to `find_package_handle_standard_args` (PCL_IO)
[1.217s]   does not match the name of the calling package (PCL).  This can lead to
[1.217s]   problems in calling code that expects `find_package` result variables
[1.218s]   (e.g., `_FOUND`) to follow a certain pattern.
[1.218s] Call Stack (most recent call first):
[1.218s]   /usr/lib/x86_64-linux-gnu/cmake/pcl/PCLConfig.cmake:616 (find_package_handle_standard_args)
[1.218s]   CMakeLists.txt:28 (find_package)
[1.218s] This warning is for project developers.  Use -Wno-dev to suppress it.
[1.218s] [0m
[1.218s] -- Found PCL_IO: /usr/lib/x86_64-linux-gnu/libpcl_io.so  
[1.218s] -- looking for PCL_FEATURES
[1.218s] [33mCMake Warning (dev) at /home/hlf/.local/lib/python3.8/site-packages/cmake/data/share/cmake-3.27/Modules/FindPackageHandleStandardArgs.cmake:438 (message):
[1.218s]   The package name passed to `find_package_handle_standard_args`
[1.218s]   (PCL_FEATURES) does not match the name of the calling package (PCL).  This
[1.218s]   can lead to problems in calling code that expects `find_package` result
[1.218s]   variables (e.g., `_FOUND`) to follow a certain pattern.
[1.218s] Call Stack (most recent call first):
[1.219s]   /usr/lib/x86_64-linux-gnu/cmake/pcl/PCLConfig.cmake:616 (find_package_handle_standard_args)
[1.219s]   CMakeLists.txt:28 (find_package)
[1.219s] This warning is for project developers.  Use -Wno-dev to suppress it.
[1.219s] [0m
[1.219s] -- Found PCL_FEATURES: /usr/lib/x86_64-linux-gnu/libpcl_features.so  
[1.219s] -- looking for PCL_ML
[1.219s] [33mCMake Warning (dev) at /home/hlf/.local/lib/python3.8/site-packages/cmake/data/share/cmake-3.27/Modules/FindPackageHandleStandardArgs.cmake:438 (message):
[1.219s]   The package name passed to `find_package_handle_standard_args` (PCL_ML)
[1.219s]   does not match the name of the calling package (PCL).  This can lead to
[1.219s]   problems in calling code that expects `find_package` result variables
[1.219s]   (e.g., `_FOUND`) to follow a certain pattern.
[1.219s] Call Stack (most recent call first):
[1.219s]   /usr/lib/x86_64-linux-gnu/cmake/pcl/PCLConfig.cmake:616 (find_package_handle_standard_args)
[1.220s]   CMakeLists.txt:28 (find_package)
[1.220s] This warning is for project developers.  Use -Wno-dev to suppress it.
[1.220s] [0m
[1.220s] -- Found PCL_ML: /usr/lib/x86_64-linux-gnu/libpcl_ml.so  
[1.220s] -- looking for PCL_SEGMENTATION
[1.220s] [33mCMake Warning (dev) at /home/hlf/.local/lib/python3.8/site-packages/cmake/data/share/cmake-3.27/Modules/FindPackageHandleStandardArgs.cmake:438 (message):
[1.220s]   The package name passed to `find_package_handle_standard_args`
[1.220s]   (PCL_SEGMENTATION) does not match the name of the calling package (PCL).
[1.220s]   This can lead to problems in calling code that expects `find_package`
[1.220s]   result variables (e.g., `_FOUND`) to follow a certain pattern.
[1.220s] Call Stack (most recent call first):
[1.220s]   /usr/lib/x86_64-linux-gnu/cmake/pcl/PCLConfig.cmake:616 (find_package_handle_standard_args)
[1.220s]   CMakeLists.txt:28 (find_package)
[1.220s] This warning is for project developers.  Use -Wno-dev to suppress it.
[1.221s] [0m
[1.221s] -- Found PCL_SEGMENTATION: /usr/lib/x86_64-linux-gnu/libpcl_segmentation.so  
[1.221s] -- looking for PCL_VISUALIZATION
[1.221s] [33mCMake Warning (dev) at /home/hlf/.local/lib/python3.8/site-packages/cmake/data/share/cmake-3.27/Modules/FindPackageHandleStandardArgs.cmake:438 (message):
[1.221s]   The package name passed to `find_package_handle_standard_args`
[1.221s]   (PCL_VISUALIZATION) does not match the name of the calling package (PCL).
[1.221s]   This can lead to problems in calling code that expects `find_package`
[1.221s]   result variables (e.g., `_FOUND`) to follow a certain pattern.
[1.221s] Call Stack (most recent call first):
[1.221s]   /usr/lib/x86_64-linux-gnu/cmake/pcl/PCLConfig.cmake:616 (find_package_handle_standard_args)
[1.221s]   CMakeLists.txt:28 (find_package)
[1.221s] This warning is for project developers.  Use -Wno-dev to suppress it.
[1.221s] [0m
[1.222s] -- Found PCL_VISUALIZATION: /usr/lib/x86_64-linux-gnu/libpcl_visualization.so  
[1.222s] -- looking for PCL_SURFACE
[1.222s] [33mCMake Warning (dev) at /home/hlf/.local/lib/python3.8/site-packages/cmake/data/share/cmake-3.27/Modules/FindPackageHandleStandardArgs.cmake:438 (message):
[1.222s]   The package name passed to `find_package_handle_standard_args`
[1.222s]   (PCL_SURFACE) does not match the name of the calling package (PCL).  This
[1.222s]   can lead to problems in calling code that expects `find_package` result
[1.222s]   variables (e.g., `_FOUND`) to follow a certain pattern.
[1.222s] Call Stack (most recent call first):
[1.222s]   /usr/lib/x86_64-linux-gnu/cmake/pcl/PCLConfig.cmake:616 (find_package_handle_standard_args)
[1.222s]   CMakeLists.txt:28 (find_package)
[1.222s] This warning is for project developers.  Use -Wno-dev to suppress it.
[1.222s] [0m
[1.222s] -- Found PCL_SURFACE: /usr/lib/x86_64-linux-gnu/libpcl_surface.so  
[1.223s] -- looking for PCL_REGISTRATION
[1.223s] [33mCMake Warning (dev) at /home/hlf/.local/lib/python3.8/site-packages/cmake/data/share/cmake-3.27/Modules/FindPackageHandleStandardArgs.cmake:438 (message):
[1.223s]   The package name passed to `find_package_handle_standard_args`
[1.223s]   (PCL_REGISTRATION) does not match the name of the calling package (PCL).
[1.223s]   This can lead to problems in calling code that expects `find_package`
[1.223s]   result variables (e.g., `_FOUND`) to follow a certain pattern.
[1.223s] Call Stack (most recent call first):
[1.223s]   /usr/lib/x86_64-linux-gnu/cmake/pcl/PCLConfig.cmake:616 (find_package_handle_standard_args)
[1.223s]   CMakeLists.txt:28 (find_package)
[1.223s] This warning is for project developers.  Use -Wno-dev to suppress it.
[1.223s] [0m
[1.223s] -- Found PCL_REGISTRATION: /usr/lib/x86_64-linux-gnu/libpcl_registration.so  
[1.223s] -- looking for PCL_KEYPOINTS
[1.224s] [33mCMake Warning (dev) at /home/hlf/.local/lib/python3.8/site-packages/cmake/data/share/cmake-3.27/Modules/FindPackageHandleStandardArgs.cmake:438 (message):
[1.224s]   The package name passed to `find_package_handle_standard_args`
[1.224s]   (PCL_KEYPOINTS) does not match the name of the calling package (PCL).  This
[1.224s]   can lead to problems in calling code that expects `find_package` result
[1.224s]   variables (e.g., `_FOUND`) to follow a certain pattern.
[1.224s] Call Stack (most recent call first):
[1.224s]   /usr/lib/x86_64-linux-gnu/cmake/pcl/PCLConfig.cmake:616 (find_package_handle_standard_args)
[1.224s]   CMakeLists.txt:28 (find_package)
[1.224s] This warning is for project developers.  Use -Wno-dev to suppress it.
[1.224s] [0m
[1.224s] -- Found PCL_KEYPOINTS: /usr/lib/x86_64-linux-gnu/libpcl_keypoints.so  
[1.224s] -- looking for PCL_TRACKING
[1.224s] [33mCMake Warning (dev) at /home/hlf/.local/lib/python3.8/site-packages/cmake/data/share/cmake-3.27/Modules/FindPackageHandleStandardArgs.cmake:438 (message):
[1.225s]   The package name passed to `find_package_handle_standard_args`
[1.225s]   (PCL_TRACKING) does not match the name of the calling package (PCL).  This
[1.225s]   can lead to problems in calling code that expects `find_package` result
[1.225s]   variables (e.g., `_FOUND`) to follow a certain pattern.
[1.225s] Call Stack (most recent call first):
[1.225s]   /usr/lib/x86_64-linux-gnu/cmake/pcl/PCLConfig.cmake:616 (find_package_handle_standard_args)
[1.225s]   CMakeLists.txt:28 (find_package)
[1.225s] This warning is for project developers.  Use -Wno-dev to suppress it.
[1.225s] [0m
[1.225s] -- Found PCL_TRACKING: /usr/lib/x86_64-linux-gnu/libpcl_tracking.so  
[1.225s] -- looking for PCL_RECOGNITION
[1.225s] [33mCMake Warning (dev) at /home/hlf/.local/lib/python3.8/site-packages/cmake/data/share/cmake-3.27/Modules/FindPackageHandleStandardArgs.cmake:438 (message):
[1.225s]   The package name passed to `find_package_handle_standard_args`
[1.226s]   (PCL_RECOGNITION) does not match the name of the calling package (PCL).
[1.226s]   This can lead to problems in calling code that expects `find_package`
[1.226s]   result variables (e.g., `_FOUND`) to follow a certain pattern.
[1.226s] Call Stack (most recent call first):
[1.226s]   /usr/lib/x86_64-linux-gnu/cmake/pcl/PCLConfig.cmake:616 (find_package_handle_standard_args)
[1.226s]   CMakeLists.txt:28 (find_package)
[1.226s] This warning is for project developers.  Use -Wno-dev to suppress it.
[1.226s] [0m
[1.226s] -- Found PCL_RECOGNITION: /usr/lib/x86_64-linux-gnu/libpcl_recognition.so  
[1.226s] -- looking for PCL_STEREO
[1.226s] [33mCMake Warning (dev) at /home/hlf/.local/lib/python3.8/site-packages/cmake/data/share/cmake-3.27/Modules/FindPackageHandleStandardArgs.cmake:438 (message):
[1.226s]   The package name passed to `find_package_handle_standard_args` (PCL_STEREO)
[1.226s]   does not match the name of the calling package (PCL).  This can lead to
[1.227s]   problems in calling code that expects `find_package` result variables
[1.227s]   (e.g., `_FOUND`) to follow a certain pattern.
[1.227s] Call Stack (most recent call first):
[1.227s]   /usr/lib/x86_64-linux-gnu/cmake/pcl/PCLConfig.cmake:616 (find_package_handle_standard_args)
[1.227s]   CMakeLists.txt:28 (find_package)
[1.227s] This warning is for project developers.  Use -Wno-dev to suppress it.
[1.227s] [0m
[1.227s] -- Found PCL_STEREO: /usr/lib/x86_64-linux-gnu/libpcl_stereo.so  
[1.227s] -- looking for PCL_APPS
[1.227s] [33mCMake Warning (dev) at /home/hlf/.local/lib/python3.8/site-packages/cmake/data/share/cmake-3.27/Modules/FindPackageHandleStandardArgs.cmake:438 (message):
[1.227s]   The package name passed to `find_package_handle_standard_args` (PCL_APPS)
[1.227s]   does not match the name of the calling package (PCL).  This can lead to
[1.227s]   problems in calling code that expects `find_package` result variables
[1.228s]   (e.g., `_FOUND`) to follow a certain pattern.
[1.228s] Call Stack (most recent call first):
[1.228s]   /usr/lib/x86_64-linux-gnu/cmake/pcl/PCLConfig.cmake:616 (find_package_handle_standard_args)
[1.228s]   CMakeLists.txt:28 (find_package)
[1.228s] This warning is for project developers.  Use -Wno-dev to suppress it.
[1.228s] [0m
[1.228s] -- Found PCL_APPS: /usr/lib/x86_64-linux-gnu/libpcl_apps.so  
[1.228s] -- looking for PCL_IN_HAND_SCANNER
[1.228s] [33mCMake Warning (dev) at /home/hlf/.local/lib/python3.8/site-packages/cmake/data/share/cmake-3.27/Modules/FindPackageHandleStandardArgs.cmake:438 (message):
[1.228s]   The package name passed to `find_package_handle_standard_args`
[1.228s]   (PCL_IN_HAND_SCANNER) does not match the name of the calling package (PCL).
[1.228s]   This can lead to problems in calling code that expects `find_package`
[1.228s]   result variables (e.g., `_FOUND`) to follow a certain pattern.
[1.229s] Call Stack (most recent call first):
[1.229s]   /usr/lib/x86_64-linux-gnu/cmake/pcl/PCLConfig.cmake:619 (find_package_handle_standard_args)
[1.229s]   CMakeLists.txt:28 (find_package)
[1.229s] This warning is for project developers.  Use -Wno-dev to suppress it.
[1.229s] [0m
[1.229s] -- Found PCL_IN_HAND_SCANNER: /usr/include/pcl-1.10  
[1.229s] -- looking for PCL_POINT_CLOUD_EDITOR
[1.229s] [33mCMake Warning (dev) at /home/hlf/.local/lib/python3.8/site-packages/cmake/data/share/cmake-3.27/Modules/FindPackageHandleStandardArgs.cmake:438 (message):
[1.229s]   The package name passed to `find_package_handle_standard_args`
[1.229s]   (PCL_POINT_CLOUD_EDITOR) does not match the name of the calling package
[1.229s]   (PCL).  This can lead to problems in calling code that expects
[1.230s]   `find_package` result variables (e.g., `_FOUND`) to follow a certain
[1.230s]   pattern.
[1.230s] Call Stack (most recent call first):
[1.230s]   /usr/lib/x86_64-linux-gnu/cmake/pcl/PCLConfig.cmake:619 (find_package_handle_standard_args)
[1.230s]   CMakeLists.txt:28 (find_package)
[1.230s] This warning is for project developers.  Use -Wno-dev to suppress it.
[1.230s] [0m
[1.230s] -- Found PCL_POINT_CLOUD_EDITOR: /usr/include/pcl-1.10  
[1.230s] -- looking for PCL_OUTOFCORE
[1.230s] [33mCMake Warning (dev) at /home/hlf/.local/lib/python3.8/site-packages/cmake/data/share/cmake-3.27/Modules/FindPackageHandleStandardArgs.cmake:438 (message):
[1.230s]   The package name passed to `find_package_handle_standard_args`
[1.230s]   (PCL_OUTOFCORE) does not match the name of the calling package (PCL).  This
[1.230s]   can lead to problems in calling code that expects `find_package` result
[1.231s]   variables (e.g., `_FOUND`) to follow a certain pattern.
[1.231s] Call Stack (most recent call first):
[1.231s]   /usr/lib/x86_64-linux-gnu/cmake/pcl/PCLConfig.cmake:616 (find_package_handle_standard_args)
[1.231s]   CMakeLists.txt:28 (find_package)
[1.231s] This warning is for project developers.  Use -Wno-dev to suppress it.
[1.231s] [0m
[1.231s] -- Found PCL_OUTOFCORE: /usr/lib/x86_64-linux-gnu/libpcl_outofcore.so  
[1.231s] -- looking for PCL_PEOPLE
[1.231s] -- Found PCL_PEOPLE: /usr/lib/x86_64-linux-gnu/libpcl_people.so  
[1.231s] [33mCMake Warning (dev) at /home/hlf/.local/lib/python3.8/site-packages/cmake/data/share/cmake-3.27/Modules/FindPackageHandleStandardArgs.cmake:438 (message):
[1.231s]   The package name passed to `find_package_handle_standard_args` (PCL_PEOPLE)
[1.231s]   does not match the name of the calling package (PCL).  This can lead to
[1.231s]   problems in calling code that expects `find_package` result variables
[1.231s]   (e.g., `_FOUND`) to follow a certain pattern.
[1.231s] Call Stack (most recent call first):
[1.232s]   /usr/lib/x86_64-linux-gnu/cmake/pcl/PCLConfig.cmake:616 (find_package_handle_standard_args)
[1.232s]   CMakeLists.txt:28 (find_package)
[1.232s] This warning is for project developers.  Use -Wno-dev to suppress it.
[1.232s] [0m
[1.232s] -- Found PCL: pcl_common;pcl_kdtree;pcl_octree;pcl_search;pcl_sample_consensus;pcl_filters;pcl_io;pcl_features;pcl_ml;pcl_segmentation;pcl_visualization;pcl_surface;pcl_registration;pcl_keypoints;pcl_tracking;pcl_recognition;pcl_stereo;pcl_apps;pcl_outofcore;pcl_people;/usr/lib/x86_64-linux-gnu/libboost_system.so;/usr/lib/x86_64-linux-gnu/libboost_filesystem.so;/usr/lib/x86_64-linux-gnu/libboost_date_time.so;/usr/lib/x86_64-linux-gnu/libboost_iostreams.so;/usr/lib/x86_64-linux-gnu/libboost_regex.so;optimized;/usr/lib/x86_64-linux-gnu/libqhull.so;debug;/usr/lib/x86_64-linux-gnu/libqhull.so;/usr/lib/libOpenNI.so;/usr/lib/libOpenNI2.so;vtkChartsCore;vtkCommonColor;vtkCommonCore;vtksys;vtkCommonDataModel;vtkCommonMath;vtkCommonMisc;vtkCommonSystem;vtkCommonTransforms;vtkCommonExecutionModel;vtkFiltersGeneral;vtkCommonComputationalGeometry;vtkFiltersCore;vtkInfovisCore;vtkFiltersExtraction;vtkFiltersStatistics;vtkImagingFourier;vtkImagingCore;vtkalglib;vtkRenderingContext2D;vtkRenderingCore;vtkFiltersGeometry;vtkFiltersSources;vtkRenderingFreeType;/usr/lib/x86_64-linux-gnu/libfreetype.so;/usr/lib/x86_64-linux-gnu/libz.so;vtkFiltersModeling;vtkImagingSources;vtkInteractionStyle;vtkInteractionWidgets;vtkFiltersHybrid;vtkImagingColor;vtkImagingGeneral;vtkImagingHybrid;vtkIOImage;vtkDICOMParser;vtkmetaio;/usr/lib/x86_64-linux-gnu/libjpeg.so;/usr/lib/x86_64-linux-gnu/libpng.so;/usr/lib/x86_64-linux-gnu/libtiff.so;vtkRenderingAnnotation;vtkRenderingVolume;vtkIOXML;vtkIOCore;vtkIOXMLParser;/usr/lib/x86_64-linux-gnu/libexpat.so;vtkIOGeometry;vtkIOLegacy;vtkIOPLY;vtkRenderingLOD;vtkViewsContext2D;vtkViewsCore;vtkRenderingContextOpenGL2;vtkRenderingOpenGL2;FLANN::FLANN (Required is at least version "1.2") 
[1.235s] -- Found OpenCV: /usr (found version "4.2.0") 
[1.250s] -- Found ament_lint_auto: 0.9.8 (/opt/ros/foxy/share/ament_lint_auto/cmake)
[1.333s] -- Added test 'copyright' to check source files copyright and LICENSE
[1.337s] -- Added test 'cppcheck' to perform static code analysis on C / C++ code
[1.337s] -- Configured cppcheck include dirs: /home/hlf/Desktop/radar24_ws/src/get_depth/src;/home/hlf/Desktop/radar24_ws/src/get_depth/include/get_depth;$<BUILD_INTERFACE:/home/hlf/Desktop/radar24_ws/src/get_depth/include>
[1.337s] -- Configured cppcheck exclude dirs and/or files: 
[1.341s] -- Added test 'cpplint' to check C / C++ code against the Google style
[1.341s] -- Configured cpplint exclude dirs and/or files: 
[1.343s] -- Added test 'lint_cmake' to check CMake code style
[1.348s] -- Added test 'uncrustify' to check C / C++ code style
[1.348s] -- Configured uncrustify additional arguments: 
[1.348s] -- Added test 'xmllint' to check XML markup files
[1.350s] -- Configuring done (1.3s)
[1.369s] -- Generating done (0.0s)
[1.371s] -- Build files have been written to: /home/hlf/Desktop/radar24_ws/src/get_depth/build/get_depth
[1.381s] Invoked command in '/home/hlf/Desktop/radar24_ws/src/get_depth/build/get_depth' returned '0': CMAKE_PREFIX_PATH=${CMAKE_PREFIX_PATH}:/opt/ros/foxy /home/hlf/.local/bin/cmake /home/hlf/Desktop/radar24_ws/src/get_depth -DAMENT_CMAKE_SYMLINK_INSTALL=1 -DCMAKE_INSTALL_PREFIX=/home/hlf/Desktop/radar24_ws/src/get_depth/install/get_depth
[1.384s] Invoking command in '/home/hlf/Desktop/radar24_ws/src/get_depth/build/get_depth': CMAKE_PREFIX_PATH=${CMAKE_PREFIX_PATH}:/opt/ros/foxy /home/hlf/.local/bin/cmake --build /home/hlf/Desktop/radar24_ws/src/get_depth/build/get_depth -- -j16 -l16
[1.417s] [ 50%] [32mBuilding CXX object CMakeFiles/get_depth.dir/src/get_depth_node.cpp.o[0m
[16.279s] [100%] [32m[1mLinking CXX executable get_depth[0m
[17.481s] [100%] Built target get_depth
[17.488s] Invoked command in '/home/hlf/Desktop/radar24_ws/src/get_depth/build/get_depth' returned '0': CMAKE_PREFIX_PATH=${CMAKE_PREFIX_PATH}:/opt/ros/foxy /home/hlf/.local/bin/cmake --build /home/hlf/Desktop/radar24_ws/src/get_depth/build/get_depth -- -j16 -l16
[17.557s] Invoking command in '/home/hlf/Desktop/radar24_ws/src/get_depth/build/get_depth': CMAKE_PREFIX_PATH=${CMAKE_PREFIX_PATH}:/opt/ros/foxy /home/hlf/.local/bin/cmake --install /home/hlf/Desktop/radar24_ws/src/get_depth/build/get_depth
[17.575s] -- Install configuration: ""
[17.575s] -- Execute custom install script
[17.575s] -- Symlinking: /home/hlf/Desktop/radar24_ws/src/get_depth/install/get_depth/lib/get_depth/get_depth
[17.577s] -- Symlinking: /home/hlf/Desktop/radar24_ws/src/get_depth/install/get_depth/share/ament_index/resource_index/package_run_dependencies/get_depth
[17.579s] -- Symlinking: /home/hlf/Desktop/radar24_ws/src/get_depth/install/get_depth/share/ament_index/resource_index/parent_prefix_path/get_depth
[17.582s] -- Symlinking: /home/hlf/Desktop/radar24_ws/src/get_depth/install/get_depth/share/get_depth/environment/ament_prefix_path.sh
[17.583s] -- Symlinking: /home/hlf/Desktop/radar24_ws/src/get_depth/install/get_depth/share/get_depth/environment/ament_prefix_path.dsv
[17.585s] -- Symlinking: /home/hlf/Desktop/radar24_ws/src/get_depth/install/get_depth/share/get_depth/environment/path.sh
[17.587s] -- Symlinking: /home/hlf/Desktop/radar24_ws/src/get_depth/install/get_depth/share/get_depth/environment/path.dsv
[17.588s] -- Symlinking: /home/hlf/Desktop/radar24_ws/src/get_depth/install/get_depth/share/get_depth/local_setup.bash
[17.590s] -- Symlinking: /home/hlf/Desktop/radar24_ws/src/get_depth/install/get_depth/share/get_depth/local_setup.sh
[17.592s] -- Symlinking: /home/hlf/Desktop/radar24_ws/src/get_depth/install/get_depth/share/get_depth/local_setup.zsh
[17.593s] -- Symlinking: /home/hlf/Desktop/radar24_ws/src/get_depth/install/get_depth/share/get_depth/local_setup.dsv
[17.595s] -- Symlinking: /home/hlf/Desktop/radar24_ws/src/get_depth/install/get_depth/share/get_depth/package.dsv
[17.596s] -- Symlinking: /home/hlf/Desktop/radar24_ws/src/get_depth/install/get_depth/share/ament_index/resource_index/packages/get_depth
[17.598s] -- Symlinking: /home/hlf/Desktop/radar24_ws/src/get_depth/install/get_depth/share/get_depth/cmake/get_depthConfig.cmake
[17.599s] -- Symlinking: /home/hlf/Desktop/radar24_ws/src/get_depth/install/get_depth/share/get_depth/cmake/get_depthConfig-version.cmake
[17.601s] -- Symlinking: /home/hlf/Desktop/radar24_ws/src/get_depth/install/get_depth/share/get_depth/package.xml
[17.606s] Invoked command in '/home/hlf/Desktop/radar24_ws/src/get_depth/build/get_depth' returned '0': CMAKE_PREFIX_PATH=${CMAKE_PREFIX_PATH}:/opt/ros/foxy /home/hlf/.local/bin/cmake --install /home/hlf/Desktop/radar24_ws/src/get_depth/build/get_depth
