[0.032s] Invoking command in '/home/hlf/Desktop/radar24_ws/src/get_depth/build/get_depth': CMAKE_PREFIX_PATH=${CMAKE_PREFIX_PATH}:/opt/ros/foxy /home/hlf/.local/bin/cmake --build /home/hlf/Desktop/radar24_ws/src/get_depth/build/get_depth -- -j16 -l16
[0.095s] [100%] Built target get_depth
[0.100s] Invoked command in '/home/hlf/Desktop/radar24_ws/src/get_depth/build/get_depth' returned '0': CMAKE_PREFIX_PATH=${CMAKE_PREFIX_PATH}:/opt/ros/foxy /home/hlf/.local/bin/cmake --build /home/hlf/Desktop/radar24_ws/src/get_depth/build/get_depth -- -j16 -l16
[0.151s] Invoking command in '/home/hlf/Desktop/radar24_ws/src/get_depth/build/get_depth': CMAKE_PREFIX_PATH=${CMAKE_PREFIX_PATH}:/opt/ros/foxy /home/hlf/.local/bin/cmake --install /home/hlf/Desktop/radar24_ws/src/get_depth/build/get_depth
[0.167s] -- Install configuration: ""
[0.167s] -- Execute custom install script
[0.167s] -- Up-to-date symlink: /home/hlf/Desktop/radar24_ws/src/get_depth/install/get_depth/lib/get_depth/get_depth
[0.167s] -- Up-to-date symlink: /home/hlf/Desktop/radar24_ws/src/get_depth/install/get_depth/share/ament_index/resource_index/package_run_dependencies/get_depth
[0.167s] -- Up-to-date symlink: /home/hlf/Desktop/radar24_ws/src/get_depth/install/get_depth/share/ament_index/resource_index/parent_prefix_path/get_depth
[0.167s] -- Up-to-date symlink: /home/hlf/Desktop/radar24_ws/src/get_depth/install/get_depth/share/get_depth/environment/ament_prefix_path.sh
[0.168s] -- Up-to-date symlink: /home/hlf/Desktop/radar24_ws/src/get_depth/install/get_depth/share/get_depth/environment/ament_prefix_path.dsv
[0.168s] -- Up-to-date symlink: /home/hlf/Desktop/radar24_ws/src/get_depth/install/get_depth/share/get_depth/environment/path.sh
[0.168s] -- Up-to-date symlink: /home/hlf/Desktop/radar24_ws/src/get_depth/install/get_depth/share/get_depth/environment/path.dsv
[0.168s] -- Up-to-date symlink: /home/hlf/Desktop/radar24_ws/src/get_depth/install/get_depth/share/get_depth/local_setup.bash
[0.168s] -- Up-to-date symlink: /home/hlf/Desktop/radar24_ws/src/get_depth/install/get_depth/share/get_depth/local_setup.sh
[0.168s] -- Up-to-date symlink: /home/hlf/Desktop/radar24_ws/src/get_depth/install/get_depth/share/get_depth/local_setup.zsh
[0.168s] -- Up-to-date symlink: /home/hlf/Desktop/radar24_ws/src/get_depth/install/get_depth/share/get_depth/local_setup.dsv
[0.168s] -- Symlinking: /home/hlf/Desktop/radar24_ws/src/get_depth/install/get_depth/share/get_depth/package.dsv
[0.170s] -- Up-to-date symlink: /home/hlf/Desktop/radar24_ws/src/get_depth/install/get_depth/share/ament_index/resource_index/packages/get_depth
[0.170s] -- Up-to-date symlink: /home/hlf/Desktop/radar24_ws/src/get_depth/install/get_depth/share/get_depth/cmake/get_depthConfig.cmake
[0.170s] -- Up-to-date symlink: /home/hlf/Desktop/radar24_ws/src/get_depth/install/get_depth/share/get_depth/cmake/get_depthConfig-version.cmake
[0.170s] -- Up-to-date symlink: /home/hlf/Desktop/radar24_ws/src/get_depth/install/get_depth/share/get_depth/package.xml
[0.174s] Invoked command in '/home/hlf/Desktop/radar24_ws/src/get_depth/build/get_depth' returned '0': CMAKE_PREFIX_PATH=${CMAKE_PREFIX_PATH}:/opt/ros/foxy /home/hlf/.local/bin/cmake --install /home/hlf/Desktop/radar24_ws/src/get_depth/build/get_depth
