[1.776s] DEBUG:colcon:Command line arguments: ['/usr/bin/colcon', 'build', '--packages-select', 'get_depth', '--symlink-install']
[1.776s] DEBUG:colcon:Parsed command line arguments: Namespace(allow_overriding=[], ament_cmake_args=None, base_paths=['.'], build_base='build', catkin_cmake_args=None, catkin_skip_building_tests=False, cmake_args=None, cmake_clean_cache=False, cmake_clean_first=False, cmake_force_configure=False, cmake_target=None, cmake_target_skip_unavailable=False, continue_on_error=False, event_handlers=None, executor='parallel', ignore_user_meta=False, install_base='install', log_base=None, log_level=None, main=<bound method BuildVerb.main of <colcon_core.verb.build.BuildVerb object at 0x7f183101ab50>>, merge_install=False, metas=['./colcon.meta'], packages_above=None, packages_above_and_dependencies=None, packages_above_depth=None, packages_end=None, packages_ignore=None, packages_ignore_regex=None, packages_select=['get_depth'], packages_select_build_failed=False, packages_select_by_dep=None, packages_select_regex=None, packages_select_test_failures=False, packages_skip=None, packages_skip_build_finished=False, packages_skip_by_dep=None, packages_skip_regex=None, packages_skip_test_passed=False, packages_skip_up_to=None, packages_start=None, packages_up_to=None, packages_up_to_regex=None, parallel_workers=16, paths=None, symlink_install=True, test_result_base=None, verb_extension=<colcon_core.verb.build.BuildVerb object at 0x7f183101ab50>, verb_name='build', verb_parser=<colcon_defaults.argument_parser.defaults.DefaultArgumentsDecorator object at 0x7f18310157c0>)
[1.868s] Level 1:colcon.colcon_core.package_discovery:discover_packages(colcon_meta) check parameters
[1.868s] Level 1:colcon.colcon_core.package_discovery:discover_packages(recursive) check parameters
[1.868s] Level 1:colcon.colcon_core.package_discovery:discover_packages(ignore) check parameters
[1.868s] Level 1:colcon.colcon_core.package_discovery:discover_packages(path) check parameters
[1.868s] Level 1:colcon.colcon_core.package_discovery:discover_packages(colcon_meta) discover
[1.869s] Level 1:colcon.colcon_core.package_discovery:discover_packages(recursive) discover
[1.869s] INFO:colcon.colcon_core.package_discovery:Crawling recursively for packages in '/home/hlf/Desktop/radar24_ws/src/get_depth'
[1.869s] Level 1:colcon.colcon_core.package_identification:_identify(.) by extensions ['ignore', 'ignore_ament_install']
[1.869s] Level 1:colcon.colcon_core.package_identification:_identify(.) by extension 'ignore'
[1.869s] Level 1:colcon.colcon_core.package_identification:_identify(.) by extension 'ignore_ament_install'
[1.869s] Level 1:colcon.colcon_core.package_identification:_identify(.) by extensions ['colcon_pkg']
[1.870s] Level 1:colcon.colcon_core.package_identification:_identify(.) by extension 'colcon_pkg'
[1.870s] Level 1:colcon.colcon_core.package_identification:_identify(.) by extensions ['colcon_meta']
[1.870s] Level 1:colcon.colcon_core.package_identification:_identify(.) by extension 'colcon_meta'
[1.870s] Level 1:colcon.colcon_core.package_identification:_identify(.) by extensions ['ros']
[1.870s] Level 1:colcon.colcon_core.package_identification:_identify(.) by extension 'ros'
[1.894s] DEBUG:colcon.colcon_core.package_identification:Package '.' with type 'ros.ament_cmake' and name 'get_depth'
[1.894s] Level 1:colcon.colcon_core.package_discovery:discover_packages(recursive) using defaults
[1.894s] Level 1:colcon.colcon_core.package_discovery:discover_packages(ignore) discover
[1.894s] Level 1:colcon.colcon_core.package_discovery:discover_packages(ignore) using defaults
[1.894s] Level 1:colcon.colcon_core.package_discovery:discover_packages(path) discover
[1.894s] Level 1:colcon.colcon_core.package_discovery:discover_packages(path) using defaults
[1.938s] Level 1:colcon.colcon_core.package_discovery:discover_packages(prefix_path) check parameters
[1.938s] Level 1:colcon.colcon_core.package_discovery:discover_packages(prefix_path) discover
[1.953s] DEBUG:colcon.colcon_installed_package_information.package_discovery:Found 8 installed packages in /home/hlf/Desktop/radar24_ws/install
[1.959s] DEBUG:colcon.colcon_installed_package_information.package_discovery:Found 269 installed packages in /opt/ros/foxy
[1.959s] Level 1:colcon.colcon_core.package_discovery:discover_packages(prefix_path) using defaults
[2.027s] Level 5:colcon.colcon_core.verb:set package 'get_depth' build argument 'cmake_args' from command line to 'None'
[2.027s] Level 5:colcon.colcon_core.verb:set package 'get_depth' build argument 'cmake_target' from command line to 'None'
[2.027s] Level 5:colcon.colcon_core.verb:set package 'get_depth' build argument 'cmake_target_skip_unavailable' from command line to 'False'
[2.027s] Level 5:colcon.colcon_core.verb:set package 'get_depth' build argument 'cmake_clean_cache' from command line to 'False'
[2.027s] Level 5:colcon.colcon_core.verb:set package 'get_depth' build argument 'cmake_clean_first' from command line to 'False'
[2.027s] Level 5:colcon.colcon_core.verb:set package 'get_depth' build argument 'cmake_force_configure' from command line to 'False'
[2.027s] Level 5:colcon.colcon_core.verb:set package 'get_depth' build argument 'ament_cmake_args' from command line to 'None'
[2.027s] Level 5:colcon.colcon_core.verb:set package 'get_depth' build argument 'catkin_cmake_args' from command line to 'None'
[2.027s] Level 5:colcon.colcon_core.verb:set package 'get_depth' build argument 'catkin_skip_building_tests' from command line to 'False'
[2.027s] DEBUG:colcon.colcon_core.verb:Building package 'get_depth' with the following arguments: {'ament_cmake_args': None, 'build_base': '/home/hlf/Desktop/radar24_ws/src/get_depth/build/get_depth', 'catkin_cmake_args': None, 'catkin_skip_building_tests': False, 'cmake_args': None, 'cmake_clean_cache': False, 'cmake_clean_first': False, 'cmake_force_configure': False, 'cmake_target': None, 'cmake_target_skip_unavailable': False, 'install_base': '/home/hlf/Desktop/radar24_ws/src/get_depth/install/get_depth', 'merge_install': False, 'path': '/home/hlf/Desktop/radar24_ws/src/get_depth', 'symlink_install': True, 'test_result_base': None}
[2.032s] INFO:colcon.colcon_core.executor:Executing jobs using 'parallel' executor
[2.038s] DEBUG:colcon.colcon_parallel_executor.executor.parallel:run_until_complete
[2.038s] INFO:colcon.colcon_ros.task.ament_cmake.build:Building ROS package in '/home/hlf/Desktop/radar24_ws/src/get_depth' with build type 'ament_cmake'
[2.039s] INFO:colcon.colcon_cmake.task.cmake.build:Building CMake package in '/home/hlf/Desktop/radar24_ws/src/get_depth'
[2.046s] INFO:colcon.colcon_core.plugin_system:Skipping extension 'colcon_core.shell.bat': Not used on non-Windows systems
[2.047s] INFO:colcon.colcon_core.shell:Skip shell extension 'powershell' for command environment: Not usable outside of PowerShell
[2.047s] DEBUG:colcon.colcon_core.shell:Skip shell extension 'dsv' for command environment
[2.071s] DEBUG:colcon.colcon_core.event_handler.log_command:Invoking command in '/home/hlf/Desktop/radar24_ws/src/get_depth/build/get_depth': CMAKE_PREFIX_PATH=${CMAKE_PREFIX_PATH}:/opt/ros/foxy /home/hlf/.local/bin/cmake --build /home/hlf/Desktop/radar24_ws/src/get_depth/build/get_depth -- -j16 -l16
[2.139s] DEBUG:colcon.colcon_core.event_handler.log_command:Invoked command in '/home/hlf/Desktop/radar24_ws/src/get_depth/build/get_depth' returned '0': CMAKE_PREFIX_PATH=${CMAKE_PREFIX_PATH}:/opt/ros/foxy /home/hlf/.local/bin/cmake --build /home/hlf/Desktop/radar24_ws/src/get_depth/build/get_depth -- -j16 -l16
[2.189s] DEBUG:colcon.colcon_core.event_handler.log_command:Invoking command in '/home/hlf/Desktop/radar24_ws/src/get_depth/build/get_depth': CMAKE_PREFIX_PATH=${CMAKE_PREFIX_PATH}:/opt/ros/foxy /home/hlf/.local/bin/cmake --install /home/hlf/Desktop/radar24_ws/src/get_depth/build/get_depth
[2.212s] Level 1:colcon.colcon_core.environment:create_environment_scripts_only(get_depth)
[2.213s] DEBUG:colcon.colcon_core.event_handler.log_command:Invoked command in '/home/hlf/Desktop/radar24_ws/src/get_depth/build/get_depth' returned '0': CMAKE_PREFIX_PATH=${CMAKE_PREFIX_PATH}:/opt/ros/foxy /home/hlf/.local/bin/cmake --install /home/hlf/Desktop/radar24_ws/src/get_depth/build/get_depth
[2.220s] Level 1:colcon.colcon_core.environment:checking '/home/hlf/Desktop/radar24_ws/src/get_depth/install/get_depth' for CMake module files
[2.220s] Level 1:colcon.colcon_core.environment:checking '/home/hlf/Desktop/radar24_ws/src/get_depth/install/get_depth' for CMake config files
[2.220s] Level 1:colcon.colcon_core.shell:create_environment_hook('get_depth', 'cmake_prefix_path')
[2.225s] INFO:colcon.colcon_core.shell:Creating environment hook '/home/hlf/Desktop/radar24_ws/src/get_depth/install/get_depth/share/get_depth/hook/cmake_prefix_path.ps1'
[2.226s] INFO:colcon.colcon_core.shell:Creating environment descriptor '/home/hlf/Desktop/radar24_ws/src/get_depth/install/get_depth/share/get_depth/hook/cmake_prefix_path.dsv'
[2.226s] INFO:colcon.colcon_core.shell:Creating environment hook '/home/hlf/Desktop/radar24_ws/src/get_depth/install/get_depth/share/get_depth/hook/cmake_prefix_path.sh'
[2.226s] Level 1:colcon.colcon_core.environment:checking '/home/hlf/Desktop/radar24_ws/src/get_depth/install/get_depth/lib'
[2.226s] Level 1:colcon.colcon_core.environment:checking '/home/hlf/Desktop/radar24_ws/src/get_depth/install/get_depth/bin'
[2.226s] Level 1:colcon.colcon_core.environment:checking '/home/hlf/Desktop/radar24_ws/src/get_depth/install/get_depth/lib/pkgconfig/get_depth.pc'
[2.227s] Level 1:colcon.colcon_core.environment:checking '/home/hlf/Desktop/radar24_ws/src/get_depth/install/get_depth/lib/python3.8/site-packages'
[2.227s] Level 1:colcon.colcon_core.environment:checking '/home/hlf/Desktop/radar24_ws/src/get_depth/install/get_depth/bin'
[2.232s] INFO:colcon.colcon_core.shell:Creating package script '/home/hlf/Desktop/radar24_ws/src/get_depth/install/get_depth/share/get_depth/package.ps1'
[2.233s] INFO:colcon.colcon_core.shell:Creating package descriptor '/home/hlf/Desktop/radar24_ws/src/get_depth/install/get_depth/share/get_depth/package.dsv'
[2.233s] INFO:colcon.colcon_core.shell:Creating package script '/home/hlf/Desktop/radar24_ws/src/get_depth/install/get_depth/share/get_depth/package.sh'
[2.233s] INFO:colcon.colcon_core.shell:Creating package script '/home/hlf/Desktop/radar24_ws/src/get_depth/install/get_depth/share/get_depth/package.bash'
[2.234s] INFO:colcon.colcon_core.shell:Creating package script '/home/hlf/Desktop/radar24_ws/src/get_depth/install/get_depth/share/get_depth/package.zsh'
[2.234s] Level 1:colcon.colcon_core.environment:create_file_with_runtime_dependencies(/home/hlf/Desktop/radar24_ws/src/get_depth/install/get_depth/share/colcon-core/packages/get_depth)
[2.268s] Level 1:colcon.colcon_core.environment:create_environment_scripts_only(get_depth)
[2.274s] Level 1:colcon.colcon_core.environment:checking '/home/hlf/Desktop/radar24_ws/src/get_depth/install/get_depth' for CMake module files
[2.274s] Level 1:colcon.colcon_core.environment:checking '/home/hlf/Desktop/radar24_ws/src/get_depth/install/get_depth' for CMake config files
[2.274s] Level 1:colcon.colcon_core.shell:create_environment_hook('get_depth', 'cmake_prefix_path')
[2.280s] INFO:colcon.colcon_core.shell:Creating environment hook '/home/hlf/Desktop/radar24_ws/src/get_depth/install/get_depth/share/get_depth/hook/cmake_prefix_path.ps1'
[2.280s] INFO:colcon.colcon_core.shell:Creating environment descriptor '/home/hlf/Desktop/radar24_ws/src/get_depth/install/get_depth/share/get_depth/hook/cmake_prefix_path.dsv'
[2.280s] INFO:colcon.colcon_core.shell:Creating environment hook '/home/hlf/Desktop/radar24_ws/src/get_depth/install/get_depth/share/get_depth/hook/cmake_prefix_path.sh'
[2.281s] Level 1:colcon.colcon_core.environment:checking '/home/hlf/Desktop/radar24_ws/src/get_depth/install/get_depth/lib'
[2.281s] Level 1:colcon.colcon_core.environment:checking '/home/hlf/Desktop/radar24_ws/src/get_depth/install/get_depth/bin'
[2.281s] Level 1:colcon.colcon_core.environment:checking '/home/hlf/Desktop/radar24_ws/src/get_depth/install/get_depth/lib/pkgconfig/get_depth.pc'
[2.281s] Level 1:colcon.colcon_core.environment:checking '/home/hlf/Desktop/radar24_ws/src/get_depth/install/get_depth/lib/python3.8/site-packages'
[2.281s] Level 1:colcon.colcon_core.environment:checking '/home/hlf/Desktop/radar24_ws/src/get_depth/install/get_depth/bin'
[2.287s] INFO:colcon.colcon_core.shell:Creating package script '/home/hlf/Desktop/radar24_ws/src/get_depth/install/get_depth/share/get_depth/package.ps1'
[2.287s] INFO:colcon.colcon_core.shell:Creating package descriptor '/home/hlf/Desktop/radar24_ws/src/get_depth/install/get_depth/share/get_depth/package.dsv'
[2.287s] INFO:colcon.colcon_core.shell:Creating package script '/home/hlf/Desktop/radar24_ws/src/get_depth/install/get_depth/share/get_depth/package.sh'
[2.287s] INFO:colcon.colcon_core.shell:Creating package script '/home/hlf/Desktop/radar24_ws/src/get_depth/install/get_depth/share/get_depth/package.bash'
[2.287s] INFO:colcon.colcon_core.shell:Creating package script '/home/hlf/Desktop/radar24_ws/src/get_depth/install/get_depth/share/get_depth/package.zsh'
[2.288s] Level 1:colcon.colcon_core.environment:create_file_with_runtime_dependencies(/home/hlf/Desktop/radar24_ws/src/get_depth/install/get_depth/share/colcon-core/packages/get_depth)
[2.288s] DEBUG:colcon.colcon_parallel_executor.executor.parallel:closing loop
[2.288s] DEBUG:colcon.colcon_parallel_executor.executor.parallel:loop closed
[2.288s] DEBUG:colcon.colcon_parallel_executor.executor.parallel:run_until_complete finished with '0'
[2.288s] DEBUG:colcon.colcon_core.event_reactor:joining thread
[2.301s] INFO:colcon.colcon_core.plugin_system:Skipping extension 'colcon_notification.desktop_notification.terminal_notifier': Not used on non-Darwin systems
[2.301s] INFO:colcon.colcon_core.plugin_system:Skipping extension 'colcon_notification.desktop_notification.win32': Not used on non-Windows systems
[2.301s] INFO:colcon.colcon_notification.desktop_notification:Sending desktop notification using 'notify2'
[2.311s] DEBUG:colcon.colcon_core.event_reactor:joined thread
[2.317s] INFO:colcon.colcon_core.shell:Creating prefix script '/home/hlf/Desktop/radar24_ws/src/get_depth/install/local_setup.ps1'
[2.318s] INFO:colcon.colcon_core.shell:Creating prefix util module '/home/hlf/Desktop/radar24_ws/src/get_depth/install/_local_setup_util_ps1.py'
[2.319s] INFO:colcon.colcon_core.shell:Creating prefix chain script '/home/hlf/Desktop/radar24_ws/src/get_depth/install/setup.ps1'
[2.324s] INFO:colcon.colcon_core.shell:Creating prefix script '/home/hlf/Desktop/radar24_ws/src/get_depth/install/local_setup.sh'
[2.325s] INFO:colcon.colcon_core.shell:Creating prefix util module '/home/hlf/Desktop/radar24_ws/src/get_depth/install/_local_setup_util_sh.py'
[2.325s] INFO:colcon.colcon_core.shell:Creating prefix chain script '/home/hlf/Desktop/radar24_ws/src/get_depth/install/setup.sh'
[2.331s] INFO:colcon.colcon_core.shell:Creating prefix script '/home/hlf/Desktop/radar24_ws/src/get_depth/install/local_setup.bash'
[2.331s] INFO:colcon.colcon_core.shell:Creating prefix chain script '/home/hlf/Desktop/radar24_ws/src/get_depth/install/setup.bash'
[2.337s] INFO:colcon.colcon_core.shell:Creating prefix script '/home/hlf/Desktop/radar24_ws/src/get_depth/install/local_setup.zsh'
[2.337s] INFO:colcon.colcon_core.shell:Creating prefix chain script '/home/hlf/Desktop/radar24_ws/src/get_depth/install/setup.zsh'
